C:\USERS\ADMINISTRATOR\DOWNLOADS\COCOS2D-X-2.2.6\SAMPLES\CPP\TIANXIADIYI\PROJ.WIN32\DEBUG.WIN32\STEERINGBEHAVIOUS.OBJ
C:\USERS\ADMINISTRATOR\DOWNLOADS\COCOS2D-X-2.2.6\SAMPLES\CPP\TIANXIADIYI\PROJ.WIN32\DEBUG.WIN32\PATHFIND.OBJ
C:\USERS\ADMINISTRATOR\DOWNLOADS\COCOS2D-X-2.2.6\SAMPLES\CPP\TIANXIADIYI\PROJ.WIN32\DEBUG.WIN32\SPRITESTATES.OBJ
C:\USERS\ADMINISTRATOR\DOWNLOADS\COCOS2D-X-2.2.6\SAMPLES\CPP\TIANXIADIYI\PROJ.WIN32\DEBUG.WIN32\STATEMACHINE.OBJ
C:\USERS\ADMINISTRATOR\DOWNLOADS\COCOS2D-X-2.2.6\SAMPLES\CPP\TIANXIADIYI\PROJ.WIN32\DEBUG.WIN32\APPDELEGATE.OBJ
C:\USERS\ADMINISTRATOR\DOWNLOADS\COCOS2D-X-2.2.6\SAMPLES\CPP\TIANXIADIYI\PROJ.WIN32\DEBUG.WIN32\INPUT.OBJ
C:\USERS\ADMINISTRATOR\DOWNLOADS\COCOS2D-X-2.2.6\SAMPLES\CPP\TIANXIADIYI\PROJ.WIN32\DEBUG.WIN32\MAINCITYSCENE.OBJ
C:\USERS\ADMINISTRATOR\DOWNLOADS\COCOS2D-X-2.2.6\SAMPLES\CPP\TIANXIADIYI\PROJ.WIN32\DEBUG.WIN32\PLAYER.OBJ
C:\USERS\ADMINISTRATOR\DOWNLOADS\COCOS2D-X-2.2.6\SAMPLES\CPP\TIANXIADIYI\PROJ.WIN32\DEBUG.WIN32\SPRITE.OBJ
C:\USERS\ADMINISTRATOR\DOWNLOADS\COCOS2D-X-2.2.6\SAMPLES\CPP\TIANXIADIYI\PROJ.WIN32\DEBUG.WIN32\HELLOBCCN.OBJ
C:\USERS\ADMINISTRATOR\DOWNLOADS\COCOS2D-X-2.2.6\SAMPLES\CPP\TIANXIADIYI\PROJ.WIN32\DEBUG.WIN32\FIGHTINGMAP.OBJ
C:\USERS\ADMINISTRATOR\DOWNLOADS\COCOS2D-X-2.2.6\SAMPLES\CPP\TIANXIADIYI\PROJ.WIN32\DEBUG.WIN32\MAINCITY.OBJ
C:\USERS\ADMINISTRATOR\DOWNLOADS\COCOS2D-X-2.2.6\SAMPLES\CPP\TIANXIADIYI\PROJ.WIN32\DEBUG.WIN32\DATABASE.OBJ
C:\USERS\ADMINISTRATOR\DOWNLOADS\COCOS2D-X-2.2.6\SAMPLES\CPP\TIANXIADIYI\PROJ.WIN32\DEBUG.WIN32\DBC.OBJ
C:\USERS\ADMINISTRATOR\DOWNLOADS\COCOS2D-X-2.2.6\SAMPLES\CPP\TIANXIADIYI\PROJ.WIN32\DEBUG.WIN32\TINYSTR.OBJ
C:\USERS\ADMINISTRATOR\DOWNLOADS\COCOS2D-X-2.2.6\SAMPLES\CPP\TIANXIADIYI\PROJ.WIN32\DEBUG.WIN32\TINYXML.OBJ
C:\USERS\ADMINISTRATOR\DOWNLOADS\COCOS2D-X-2.2.6\SAMPLES\CPP\TIANXIADIYI\PROJ.WIN32\DEBUG.WIN32\TINYXMLERROR.OBJ
C:\USERS\ADMINISTRATOR\DOWNLOADS\COCOS2D-X-2.2.6\SAMPLES\CPP\TIANXIADIYI\PROJ.WIN32\DEBUG.WIN32\TINYXMLPARSER.OBJ
C:\USERS\ADMINISTRATOR\DOWNLOADS\COCOS2D-X-2.2.6\SAMPLES\CPP\TIANXIADIYI\PROJ.WIN32\DEBUG.WIN32\UTF8VECTOR.OBJ
C:\USERS\ADMINISTRATOR\DOWNLOADS\COCOS2D-X-2.2.6\SAMPLES\CPP\TIANXIADIYI\PROJ.WIN32\DEBUG.WIN32\MAIN.OBJ
C:\USERS\ADMINISTRATOR\DOWNLOADS\COCOS2D-X-2.2.6\SAMPLES\CPP\TIANXIADIYI\PROJ.WIN32\DEBUG.WIN32\VC110.PDB
C:\USERS\ADMINISTRATOR\DOWNLOADS\COCOS2D-X-2.2.6\DEBUG.WIN32\HELLOBCCN.ILK
C:\USERS\ADMINISTRATOR\DOWNLOADS\COCOS2D-X-2.2.6\DEBUG.WIN32\HELLOBCCN.EXE
C:\USERS\ADMINISTRATOR\DOWNLOADS\COCOS2D-X-2.2.6\DEBUG.WIN32\HELLOBCCN.PDB
C:\USERS\ADMINISTRATOR\DOWNLOADS\COCOS2D-X-2.2.6\SAMPLES\CPP\TIANXIADIYI\PROJ.WIN32\DEBUG.WIN32\TIANXIADIYI.RES
C:\Users\Administrator\Downloads\cocos2d-x-2.2.6\samples\Cpp\HelloBCCN\proj.win32\Debug.win32\AppDelegate.obj
C:\Users\Administrator\Downloads\cocos2d-x-2.2.6\samples\Cpp\HelloBCCN\proj.win32\Debug.win32\DataBase.obj
C:\Users\Administrator\Downloads\cocos2d-x-2.2.6\samples\Cpp\HelloBCCN\proj.win32\Debug.win32\DBC.obj
C:\Users\Administrator\Downloads\cocos2d-x-2.2.6\samples\Cpp\HelloBCCN\proj.win32\Debug.win32\FightingMap.obj
C:\Users\Administrator\Downloads\cocos2d-x-2.2.6\samples\Cpp\HelloBCCN\proj.win32\Debug.win32\HelloBCCN.obj
C:\Users\Administrator\Downloads\cocos2d-x-2.2.6\samples\Cpp\HelloBCCN\proj.win32\Debug.win32\Input.obj
C:\Users\Administrator\Downloads\cocos2d-x-2.2.6\samples\Cpp\HelloBCCN\proj.win32\Debug.win32\main.obj
C:\Users\Administrator\Downloads\cocos2d-x-2.2.6\samples\Cpp\HelloBCCN\proj.win32\Debug.win32\MainCity.obj
C:\Users\Administrator\Downloads\cocos2d-x-2.2.6\samples\Cpp\HelloBCCN\proj.win32\Debug.win32\MainCityScene.obj
C:\Users\Administrator\Downloads\cocos2d-x-2.2.6\samples\Cpp\HelloBCCN\proj.win32\Debug.win32\PathFind.obj
C:\Users\Administrator\Downloads\cocos2d-x-2.2.6\samples\Cpp\HelloBCCN\proj.win32\Debug.win32\Player.obj
C:\Users\Administrator\Downloads\cocos2d-x-2.2.6\samples\Cpp\HelloBCCN\proj.win32\Debug.win32\Sprite.obj
C:\Users\Administrator\Downloads\cocos2d-x-2.2.6\samples\Cpp\HelloBCCN\proj.win32\Debug.win32\SpriteStates.obj
C:\Users\Administrator\Downloads\cocos2d-x-2.2.6\samples\Cpp\HelloBCCN\proj.win32\Debug.win32\StateMachine.obj
C:\Users\Administrator\Downloads\cocos2d-x-2.2.6\samples\Cpp\HelloBCCN\proj.win32\Debug.win32\SteeringBehavious.obj
C:\Users\Administrator\Downloads\cocos2d-x-2.2.6\samples\Cpp\HelloBCCN\proj.win32\Debug.win32\tinystr.obj
C:\Users\Administrator\Downloads\cocos2d-x-2.2.6\samples\Cpp\HelloBCCN\proj.win32\Debug.win32\tinyxml.obj
C:\Users\Administrator\Downloads\cocos2d-x-2.2.6\samples\Cpp\HelloBCCN\proj.win32\Debug.win32\tinyxmlerror.obj
C:\Users\Administrator\Downloads\cocos2d-x-2.2.6\samples\Cpp\HelloBCCN\proj.win32\Debug.win32\tinyxmlparser.obj
C:\Users\Administrator\Downloads\cocos2d-x-2.2.6\samples\Cpp\HelloBCCN\proj.win32\Debug.win32\utf8vector.obj
C:\Users\Administrator\Downloads\cocos2d-x-2.2.6\samples\Cpp\HelloBCCN\proj.win32\Debug.win32\cl.command.1.tlog
C:\Users\Administrator\Downloads\cocos2d-x-2.2.6\samples\Cpp\HelloBCCN\proj.win32\Debug.win32\CL.read.1.tlog
C:\Users\Administrator\Downloads\cocos2d-x-2.2.6\samples\Cpp\HelloBCCN\proj.win32\Debug.win32\CL.write.1.tlog
C:\Users\Administrator\Downloads\cocos2d-x-2.2.6\samples\Cpp\HelloBCCN\proj.win32\Debug.win32\link-cvtres.read.1.tlog
C:\Users\Administrator\Downloads\cocos2d-x-2.2.6\samples\Cpp\HelloBCCN\proj.win32\Debug.win32\link-cvtres.write.1.tlog
C:\Users\Administrator\Downloads\cocos2d-x-2.2.6\samples\Cpp\HelloBCCN\proj.win32\Debug.win32\link-rc.read.1.tlog
C:\Users\Administrator\Downloads\cocos2d-x-2.2.6\samples\Cpp\HelloBCCN\proj.win32\Debug.win32\link-rc.write.1.tlog
C:\Users\Administrator\Downloads\cocos2d-x-2.2.6\samples\Cpp\HelloBCCN\proj.win32\Debug.win32\link.command.1.tlog
C:\Users\Administrator\Downloads\cocos2d-x-2.2.6\samples\Cpp\HelloBCCN\proj.win32\Debug.win32\link.read.1.tlog
C:\Users\Administrator\Downloads\cocos2d-x-2.2.6\samples\Cpp\HelloBCCN\proj.win32\Debug.win32\link.write.1.tlog
C:\Users\Administrator\Downloads\cocos2d-x-2.2.6\samples\Cpp\HelloBCCN\proj.win32\Debug.win32\rc.command.1.tlog
C:\Users\Administrator\Downloads\cocos2d-x-2.2.6\samples\Cpp\HelloBCCN\proj.win32\Debug.win32\rc.read.1.tlog
C:\Users\Administrator\Downloads\cocos2d-x-2.2.6\samples\Cpp\HelloBCCN\proj.win32\Debug.win32\rc.write.1.tlog
C:\Users\Administrator\Downloads\cocos2d-x-2.2.6\samples\Cpp\HelloBCCN\proj.win32\Debug.win32\TianXiaDiYi.res
C:\Users\Administrator\Downloads\cocos2d-x-2.2.6\samples\Cpp\HelloBCCN\proj.win32\Debug.win32\vc110.idb
C:\Users\Administrator\Downloads\cocos2d-x-2.2.6\samples\Cpp\HelloBCCN\proj.win32\Debug.win32\vc110.pdb
C:\Users\Administrator\Downloads\cocos2d-x-2.2.6\Debug.win32\HelloBCCN.pdb
C:\Users\Administrator\Downloads\cocos2d-x-2.2.6\Debug.win32\HelloBCCN.exe
C:\Users\Administrator\Downloads\cocos2d-x-2.2.6\Debug.win32\HelloBCCN.ilk
